<?xml version="1.0" encoding="UTF-8"?>
<ns2:test-suite xmlns:ns2="urn:model.allure.qatools.yandex.ru" start="1499018780674" stop="1499018787054">
	<name>Subtasks:</name>
	<title>Subtasks:</title>
	<test-cases>
		<test-case start="1499018780674" stop="1499018782093" status="passed">
			<name>create a task and see the subtask button</name>
			<title>create a task and see the subtask button</title>
			<description></description>
			<labels>
			</labels>
			<parameters>
			</parameters>
			<steps>
			</steps>
			<attachments>
			</attachments>
		</test-case>
		<test-case start="1499018782093" stop="1499018783189" status="passed">
			<name>number of subtasks created for this task</name>
			<title>number of subtasks created for this task</title>
			<description></description>
			<labels>
			</labels>
			<parameters>
			</parameters>
			<steps>
			</steps>
			<attachments>
			</attachments>
		</test-case>
		<test-case start="1499018783189" stop="1499018784824" status="passed">
			<name>create subtasks and check counter again</name>
			<title>create subtasks and check counter again</title>
			<description></description>
			<labels>
			</labels>
			<parameters>
			</parameters>
			<steps>
			</steps>
			<attachments>
			</attachments>
		</test-case>
		<test-case start="1499018784824" stop="1499018786008" status="failed">
			<name>open subtask modal and check ID field</name>
			<title>open subtask modal and check ID field</title>
			<description></description>
			<labels>
			</labels>
			<parameters>
			</parameters>
			<steps>
			</steps>
			<attachments>
			</attachments>
			<failure>
				<message>Expected true to be false.</message>
				<stack-trace>Error: Failed expectation
    at Object.&lt;anonymous&gt; (/Users/caiomajdalani/Documents/Workspaces/Protractor/Avenue Code/ToDo App/tests/spec/subtaskStory_spec.js:51:48)
    at /Users/caiomajdalani/Documents/Workspaces/Protractor/Avenue Code/ToDo App/tests/node_modules/jasminewd2/index.js:94:23
    at new ManagedPromise (/Users/caiomajdalani/Documents/Workspaces/Protractor/Avenue Code/ToDo App/tests/node_modules/selenium-webdriver/lib/promise.js:1082:7)
    at controlFlowExecute (/Users/caiomajdalani/Documents/Workspaces/Protractor/Avenue Code/ToDo App/tests/node_modules/jasminewd2/index.js:80:18)
    at TaskQueue.execute_ (/Users/caiomajdalani/Documents/Workspaces/Protractor/Avenue Code/ToDo App/tests/node_modules/selenium-webdriver/lib/promise.js:2913:14)
    at TaskQueue.executeNext_ (/Users/caiomajdalani/Documents/Workspaces/Protractor/Avenue Code/ToDo App/tests/node_modules/selenium-webdriver/lib/promise.js:2896:21)
    at asyncRun (/Users/caiomajdalani/Documents/Workspaces/Protractor/Avenue Code/ToDo App/tests/node_modules/selenium-webdriver/lib/promise.js:2820:25)
    at /Users/caiomajdalani/Documents/Workspaces/Protractor/Avenue Code/ToDo App/tests/node_modules/selenium-webdriver/lib/promise.js:639:7</stack-trace>
			</failure>
		</test-case>
		<test-case start="1499018786009" stop="1499018787054" status="failed">
			<name>check task description field</name>
			<title>check task description field</title>
			<description></description>
			<labels>
			</labels>
			<parameters>
			</parameters>
			<steps>
			</steps>
			<attachments>
			</attachments>
			<failure>
				<message>Expected true to be false.</message>
				<stack-trace>Error: Failed expectation
    at Object.&lt;anonymous&gt; (/Users/caiomajdalani/Documents/Workspaces/Protractor/Avenue Code/ToDo App/tests/spec/subtaskStory_spec.js:55:42)
    at /Users/caiomajdalani/Documents/Workspaces/Protractor/Avenue Code/ToDo App/tests/node_modules/jasminewd2/index.js:94:23
    at new ManagedPromise (/Users/caiomajdalani/Documents/Workspaces/Protractor/Avenue Code/ToDo App/tests/node_modules/selenium-webdriver/lib/promise.js:1082:7)
    at controlFlowExecute (/Users/caiomajdalani/Documents/Workspaces/Protractor/Avenue Code/ToDo App/tests/node_modules/jasminewd2/index.js:80:18)
    at TaskQueue.execute_ (/Users/caiomajdalani/Documents/Workspaces/Protractor/Avenue Code/ToDo App/tests/node_modules/selenium-webdriver/lib/promise.js:2913:14)
    at TaskQueue.executeNext_ (/Users/caiomajdalani/Documents/Workspaces/Protractor/Avenue Code/ToDo App/tests/node_modules/selenium-webdriver/lib/promise.js:2896:21)
    at asyncRun (/Users/caiomajdalani/Documents/Workspaces/Protractor/Avenue Code/ToDo App/tests/node_modules/selenium-webdriver/lib/promise.js:2820:25)
    at /Users/caiomajdalani/Documents/Workspaces/Protractor/Avenue Code/ToDo App/tests/node_modules/selenium-webdriver/lib/promise.js:639:7</stack-trace>
			</failure>
		</test-case>
	</test-cases>
</ns2:test-suite>